<testsuites id="" name="" tests="1" failures="1" skipped="0" errors="0" time="62.98944">
<testsuite name="e2e\permissons\edit-permissons.spec.ts" timestamp="2025-03-29T05:20:06.696Z" hostname="chromium" tests="1" failures="1" skipped="0" time="60.047" errors="0">
<testcase name="[US05] Asignación de permisos | Asignar permisos a los empleados › Validar no poder editar un permiso con un campo requerido invalido" classname="e2e\permissons\edit-permissons.spec.ts" time="60.047">
<failure message="edit-permissons.spec.ts:40:9 Validar no poder editar un permiso con un campo requerido invalido" type="FAILURE">
<![CDATA[  [chromium] › e2e\permissons\edit-permissons.spec.ts:40:9 › [US05] Asignación de permisos | Asignar permisos a los empleados › Validar no poder editar un permiso con un campo requerido invalido › Y se edita el rol de usuario incorrectamente 

    Test timeout of 60000ms exceeded.

    Error: locator.click: Test timeout of 60000ms exceeded.
    Call log:
      - waiting for getByRole('option', { name: 'Disabled' })


       at ..\pageobjectsmodels\AdminPage.ts:121

      119 |         }
      120 |         else {
    > 121 |         await this.userStatusOptions(status).click(); 
          |                                              ^
      122 |         }
      123 |         
      124 |     }
        at AdminPage.chooseStatus (C:\Programacion\QA\Automation\Playwright-ts\Proyecto OrangeHRM\OrangeHRM-Demo\pageobjectsmodels\AdminPage.ts:121:46)
        at AdminPage.editPermissonsUnsuccess (C:\Programacion\QA\Automation\Playwright-ts\Proyecto OrangeHRM\OrangeHRM-Demo\pageobjectsmodels\AdminPage.ts:209:9)
        at C:\Programacion\QA\Automation\Playwright-ts\Proyecto OrangeHRM\OrangeHRM-Demo\tests\e2e\permissons\edit-permissons.spec.ts:51:13
        at C:\Programacion\QA\Automation\Playwright-ts\Proyecto OrangeHRM\OrangeHRM-Demo\tests\e2e\permissons\edit-permissons.spec.ts:50:9
]]>
</failure>
</testcase>
</testsuite>
</testsuites>